DEBUG:root:pid: MySQL-ASM, searchpairs: {'platform': 'aws', 'type': 'database', 'subtype': 'mysql'}
DEBUG:root:     pkey: platform, pval: aws
DEBUG:root:     platform: (platform,aws), request: (platform,aws)
DEBUG:root:     pkey: type, pval: database
DEBUG:root:     platform: (type,database), request: (type,database)
DEBUG:root:     pkey: subtype, pval: mysql
DEBUG:root:     platform: (subtype,mysql), request: (subtype,postgres)
DEBUG:root:pid: PostgreSQL-ASM, searchpairs: {'platform': 'aws', 'type': 'database', 'subtype': 'postgres'}
DEBUG:root:     pkey: platform, pval: aws
DEBUG:root:     platform: (platform,aws), request: (platform,aws)
DEBUG:root:     pkey: type, pval: database
DEBUG:root:     platform: (type,database), request: (type,database)
DEBUG:root:     pkey: subtype, pval: postgres
DEBUG:root:     platform: (subtype,postgres), request: (subtype,postgres)
INFO:root:Matching platform ID: PostgreSQL-ASM
DEBUG:root:prov_keys: type: <class 'list'> vals: ['ADDRESS', 'USERNAME', 'SECRET', 'ENGINE', 'HOST', 'PORT', 'DBINSTANCEIDENTIFIER']
INFO:root:Platform PostgreSQL-ASM is a match for request.
DEBUG:root:================ getPlatformId() ================
DEBUG:root:	status_code: 200
	response: Platform PostgreSQL-ASM is a match for request.
